2018-12-07T09:20:39.578+0800	INFO	connecting DB	{"db name": "go"}
2018-12-07T09:20:39.647+0800	INFO	dropping all tables success	{"db name": "go"}
2018-12-07T09:20:39.647+0800	INFO	executing init db schema success	{"db name": "go"}
2018-12-07T09:20:39.647+0800	INFO	init database success	{"db name": "go", "time": "2018-12-07T09:20:39.647+0800"}
2018-12-07T09:20:46.967+0800	INFO	server start success
2018-12-07T09:20:47.000+0800	FATAL	rest router init recovered panic
2018-12-07T09:43:49.080+0800	DEBUG	old pid path	{"path": "/Users/cloudy/Documents/go/src/github.com/itcloudy/base-framework/system-data/base-framework.pid"}
2018-12-07T09:43:49.080+0800	ERROR	killing process failed	{"error": "no such process", "pid": "3769"}
2018-12-07T09:44:04.137+0800	INFO	server start success
2018-12-07T09:44:04.155+0800	FATAL	rest router init failed
2018-12-07T11:07:09.186+0800	DEBUG	old pid path	{"path": "/Users/cloudy/Documents/go/src/github.com/itcloudy/base-framework/system-data/base-framework.pid"}
2018-12-07T11:07:09.187+0800	ERROR	killing process failed	{"error": "no such process", "pid": "6417"}
2018-12-07T11:07:24.259+0800	INFO	server start process invoke end
2018-12-07T13:46:41.727+0800	INFO	connecting DB	{"db name": "go"}
2018-12-07T13:46:41.878+0800	INFO	dropping all tables success	{"db name": "go"}
2018-12-07T13:46:41.878+0800	INFO	executing init db schema success	{"db name": "go"}
2018-12-07T13:46:41.878+0800	INFO	init database success	{"db name": "go", "time": "2018-12-07T13:46:41.878+0800"}
2018-12-07T13:47:39.465+0800	INFO	update db schema success	{"db name": "go"}
2018-12-07T13:47:39.466+0800	INFO	update database success	{"db name": "go", "time": "2018-12-07T13:47:39.466+0800"}
2018-12-07T14:34:14.567+0800	INFO	update db schema success	{"db name": "go"}
2018-12-07T14:34:14.567+0800	INFO	update database success	{"db name": "go", "time": "2018-12-07T14:34:14.567+0800"}
2018-12-07T16:54:07.225+0800	INFO	init database success	{"db name": "go", "time": "2018-12-07T16:54:07.225+0800"}
2018-12-07T17:06:04.689+0800	INFO	init database success	{"db name": "go", "time": "2018-12-07T17:06:04.689+0800"}
2018-12-07T17:22:36.440+0800	INFO	init database success	{"db name": "go", "time": "2018-12-07T17:22:36.440+0800"}
2018-12-07T17:35:29.507+0800	INFO	init database success	{"db name": "go", "time": "2018-12-07T17:35:29.507+0800"}
2018-12-07T17:53:10.152+0800	INFO	init database success	{"db name": "go", "time": "2018-12-07T17:53:10.152+0800"}
2018-12-07T18:15:48.710+0800	INFO	init database success	{"db name": "go", "time": "2018-12-07T18:15:48.710+0800"}
2018-12-07T18:19:00.602+0800	INFO	init database success	{"db name": "go", "time": "2018-12-07T18:19:00.602+0800"}
2018-12-07T21:37:07.836+0800	DEBUG	old pid path	{"path": "/Users/cloudy/Documents/go/src/github.com/itcloudy/base-framework/system-data/base-framework.pid"}
2018-12-07T21:37:07.836+0800	ERROR	killing process failed	{"error": "no such process", "pid": "11689"}
2018-12-07T21:37:22.881+0800	FATAL	jwt private key file read failed	{"db name": "", "error": "open : no such file or directory"}
2018-12-07T21:47:50.424+0800	DEBUG	old pid path	{"path": "/Users/cloudy/Documents/go/src/github.com/itcloudy/base-framework/system-data/base-framework.pid"}
2018-12-07T21:47:50.425+0800	ERROR	killing process failed	{"error": "no such process", "pid": "1559"}
2018-12-07T21:48:05.501+0800	INFO	server start process invoke end
